
ROM used:   141/8192 (2%)
            141/8192 (2%) including unused fragments

            0.2 Average locations per line
            6.7 Average locations per statement

RAM used:   6/368 (2%) at main() level
            12/368 (3%) worst case

Stack used: 1 worst case (1 in main + 0 for interrupts)
Stack size: 8

Lines Stmts  %   Files
----- ----- ---  -----
   95    21 100  4. display_7seg.c
  671     0   0  ..\..\..\..\..\Program Files (x86)\PICC\Devices\16F877A.h
----- -----
  766    21 Total

Page ROM  %  RAM   Vol Diff  Functions:
---- --- --- ---   --- ----  ----------
0     20  14    1             @delay_ms1
0     14  10    0             @const621
0     82  58    1   603  6.6  main
0     21  15    3             @DIV88
 Inline         0             @cinit1

Program metrics:
    Functions               1
    Statements              21
    Comments                180
    Volume (V)              612
    Difficulty (D)          6.1
    Effort to implement (E) 3744
    Time to implement (T)   3 minutes
    Est Delivered Bugs (B)  0
    Cyclomatic Complexity   2
    Maintainability (MI)    135

 Segment     Used  Free
-----------  ----  ----
00000-00003     4  0  
00004-007FF   137  1907  
00800-00FFF     0  2048  
01000-017FF     0  2048  
01800-01FFF     0  2048  



