
ROM used:   280/8192 (3%)
            280/8192 (3%) including unused fragments

            0.3 Average locations per line
            6.5 Average locations per statement

RAM used:   7/368 (2%) at main() level
            9/368 (2%) worst case

Stack used: 2 worst case (2 in main + 0 for interrupts)
Stack size: 8

Lines Stmts  %   Files
----- ----- ---  -----
  174    43 100  servoM.c
  671     0   0  ..\..\..\..\..\..\..\Program Files (x86)\PICC\Devices\16F877A.h
----- -----
  845    43 Total

Page ROM  %  RAM   Vol Diff  Functions:
---- --- --- ---   --- ----  ----------
0     20   7    1             @delay_ms1
0     15   5    1   545  3.3  @delay_us1
0     31  11    2   163  3.1  Rotation0
0     34  12    2   163  3.1  Rotation45
0     38  14    2   163  3.1  Rotation90
0     34  12    2   163  3.1  Rotation180
0    104  37    1   410  2.8  MAIN
 Inline         0             @cinit1

Program metrics:
    Functions               6
    Statements              43
    Comments                235
    Volume (V)              2373
    Difficulty (D)          18.6
    Effort to implement (E) 44233
    Time to implement (T)   41 minutes
    Est Delivered Bugs (B)  0
    Cyclomatic Complexity   7
    Maintainability (MI)    94

 Segment     Used  Free
-----------  ----  ----
00000-00003     4  0  
00004-007FF   276  1768  
00800-00FFF     0  2048  
01000-017FF     0  2048  
01800-01FFF     0  2048  



