
ROM used:   173/8192 (2%)
            173/8192 (2%) including unused fragments

            0.2 Average locations per line
            9.1 Average locations per statement

RAM used:   8/368 (2%) at main() level
            9/368 (2%) worst case

Stack used: 1 worst case (1 in main + 0 for interrupts)
Stack size: 8

Lines Stmts  %   Files
----- ----- ---  -----
  123    19 100  pwm.c
  671     0   0  ..\..\..\..\..\..\Program Files (x86)\PICC\Devices\16F877A.h
----- -----
  794    19 Total

Page ROM  %  RAM   Vol Diff  Functions:
---- --- --- ---   --- ----  ----------
0     22  13    1             @delay_ms1
0    147  85    2   494  3.3  main
 Inline         0             @cinit1

Program metrics:
    Functions               1
    Statements              19
    Comments                214
    Volume (V)              498
    Difficulty (D)          3.2
    Effort to implement (E) 1592
    Time to implement (T)   1 minutes
    Est Delivered Bugs (B)  0
    Cyclomatic Complexity   1
    Maintainability (MI)    60

 Segment     Used  Free
-----------  ----  ----
00000-00003     4  0  
00004-007FF   169  1875  
00800-00FFF     0  2048  
01000-017FF     0  2048  
01800-01FFF     0  2048  



