
ROM used:   750/8192 (9%)
            750/8192 (9%) including unused fragments

            0.8 Average locations per line
            7.4 Average locations per statement

RAM used:   19/368 (5%) at main() level
            36/368 (10%) worst case

Stack used: 4 worst case (4 in main + 0 for interrupts)
Stack size: 8

Lines Stmts  %   Files
----- ----- ---  -----
  125    30  29  lcd_ad.c
  671     0   0  ..\..\..\..\..\..\Program Files (x86)\PICC\Devices\16F877A.h
  165    72  71  ..\..\..\..\..\..\Program Files (x86)\PICC\Devices\mod_lcd.c
----- -----
  961   102 Total

Page ROM  %  RAM   Vol Diff  Functions:
---- --- --- ---   --- ----  ----------
0     20   3    1             @delay_ms1
0      8   1    0             @const621
0     39   5    1   260  1.9  lcd_envia_nibble
0     33   4    3   176  2.7  lcd_envia_byte
0     61   8    2   433  4.3  lcd_ini
 Inline         4   186  5.5  lcd_pos_xy
0     55   7    1   290  4.1  lcd_escreve
0    226  30   13  1002  3.4  MAIN
0      7   1    0             @const651
0     86  11    4             @PSTRINGC7_637
0      6   1    0             @const653
0     10   1    0             @const654
0     87  12    5             @PSTRINGCN7_637
0     99  13    9             @PRINTF_LU_637
0      9   1    0             @const659
 Inline         0             @cinit1

Program metrics:
    Functions               6
    Statements              102
    Comments                236
    Volume (V)              3371
    Difficulty (D)          20.8
    Effort to implement (E) 70056
    Time to implement (T)   1 hours, 5 minutes
    Est Delivered Bugs (B)  1
    Cyclomatic Complexity   8
    Maintainability (MI)    78

 Segment     Used  Free
-----------  ----  ----
00000-00003     4  0  
00004-007FF   746  1298  
00800-00FFF     0  2048  
01000-017FF     0  2048  
01800-01FFF     0  2048  



