
ROM used:   97/8192 (1%)
            97/8192 (1%) including unused fragments

            0.1 Average locations per line
            4.6 Average locations per statement

RAM used:   5/368 (1%) at main() level
            12/368 (3%) worst case

Stack used: 1 worst case (1 in main + 0 for interrupts)
Stack size: 8

Lines Stmts  %   Files
----- ----- ---  -----
   76    21 100  leds.c
  671     0   0  ..\..\..\..\..\..\..\Program Files (x86)\PICC\Devices\16F877A.h
----- -----
  747    21 Total

Page ROM  %  RAM   Vol Diff  Functions:
---- --- --- ---   --- ----  ----------
0     22  23    1             @delay_ms1
0     71  73    0   497  4.7  main
 Inline         0   172  1.8  @cinit1

Program metrics:
    Functions               2
    Statements              21
    Comments                148
    Volume (V)              784
    Difficulty (D)          6.4
    Effort to implement (E) 5007
    Time to implement (T)   5 minutes
    Est Delivered Bugs (B)  0
    Cyclomatic Complexity   3
    Maintainability (MI)    136

 Segment     Used  Free
-----------  ----  ----
00000-00003     4  0  
00004-007FF    93  1951  
00800-00FFF     0  2048  
01000-017FF     0  2048  
01800-01FFF     0  2048  



