
ROM used:   135/8192 (2%)
            135/8192 (2%) including unused fragments

            0.2 Average locations per line
            9.6 Average locations per statement

RAM used:   14/368 (4%) at main() level
            14/368 (4%) worst case

Stack used: 1 worst case (0 in main + 1 for interrupts)
Stack size: 8

Lines Stmts  %   Files
----- ----- ---  -----
  135    14 100  timerZero.c
  671     0   0  ..\..\..\..\..\..\Program Files (x86)\PICC\Devices\16F877A.h
----- -----
  806    14 Total

Page ROM  %  RAM   Vol Diff  Functions:
---- --- --- ---   --- ----  ----------
0     11   8    0    21  0.9  RTCC_isr
0     77  57    0   297  2.8  MAIN
 Inline         0             @cinit1

Program metrics:
    Functions               2
    Statements              14
    Comments                234
    Volume (V)              355
    Difficulty (D)          3.9
    Effort to implement (E) 1369
    Time to implement (T)   1 minutes
    Est Delivered Bugs (B)  0
    Cyclomatic Complexity   1
    Maintainability (MI)    69

 Segment     Used  Free
-----------  ----  ----
00000-00003     4  0  
00004-0002E    43  0  
0002F-007FF    88  1913  
00800-00FFF     0  2048  
01000-017FF     0  2048  
01800-01FFF     0  2048  



