CCS PCM C Compiler, Version 5.015, 5967               15-nov-25 15:41

               Filename:   C:\Users\Monitor\Desktop\MicroCon\Projetos PCW\2. LCD Ola Mundo\lcd ola mundo.lst

               ROM used:   1174 words (14%)
                           Largest free fragment is 2048
               RAM used:   7 (2%) at main() level
                           37 (10%) worst case
               Stack used: 4 locations
               Stack size: 8

*
0000:  MOVLW  03
0001:  MOVWF  0A
0002:  GOTO   3D0
0003:  NOP
.................... ///////feito para rodar no PICsimLab na Placa PicGenios  
....................  
....................  
....................  
....................  
.................... #include <16F877A.h> 
.................... //////////// Standard Header file for the PIC16F877A device //////////////// 
.................... /////////////////////////////////////////////////////////////////////////// 
.................... ////        (C) Copyright 1996, 2013 Custom Computer Services          //// 
.................... //// This source code may only be used by licensed users of the CCS C  //// 
.................... //// compiler.  This source code may only be distributed to other      //// 
.................... //// licensed users of the CCS C compiler.  No other use, reproduction //// 
.................... //// or distribution is permitted without written permission.          //// 
.................... //// Derivative programs created using this software in object code    //// 
.................... //// form are not restricted in any way.                               //// 
.................... /////////////////////////////////////////////////////////////////////////// 
.................... #device PIC16F877A 
0004:  BCF    0A.0
0005:  BCF    0A.1
0006:  BCF    0A.2
0007:  ADDWF  02,F
0008:  RETLW  28
0009:  RETLW  0F
000A:  RETLW  01
000B:  RETLW  06
000C:  DATA C7,32
000D:  DATA 6F,39
000E:  DATA E7,32
000F:  DATA 20,24
0010:  DATA 65,37
0011:  DATA F2,34
0012:  DATA F1,3A
0013:  DATA 65,10
0014:  DATA 0D,05
0015:  DATA 00,00
0016:  DATA D3,20
0017:  DATA C2,22
0018:  DATA 20,2A
0019:  DATA 55,22
001A:  DATA 4F,10
001B:  DATA 00,01
001C:  DATA CD,24
001D:  DATA 43,29
001E:  DATA CF,21
001F:  DATA 4F,27
0020:  DATA 54,29
0021:  DATA 4F,26
0022:  DATA 41,22
0023:  DATA 4F,29
0024:  DATA 0D,05
0025:  DATA 00,01
0026:  DATA 45,10
0027:  DATA C6,20
0028:  DATA C3,24
0029:  DATA 4C,10
002A:  DATA 00,01
002B:  DATA 0C,2B
002C:  DATA 41,26
002D:  DATA 4F,29
002E:  DATA A0,34
002F:  DATA 6E,3A
0030:  DATA A0,1E
0031:  DATA A0,12
0032:  DATA E4,06
0033:  DATA 0A,00
0034:  DATA 0C,2B
0035:  DATA 41,26
0036:  DATA 4F,29
0037:  DATA 20,33
0038:  DATA EC,37
0039:  DATA 61,3A
003A:  DATA A0,1E
003B:  DATA A0,06
003C:  DATA A0,12
003D:  DATA 33,17
003E:  DATA 32,33
003F:  DATA 0D,05
0040:  DATA 00,0E
*
0111:  MOVF   0B,W
0112:  MOVWF  26
0113:  BCF    0B.7
0114:  BSF    03.5
0115:  BSF    03.6
0116:  BSF    0C.7
0117:  BSF    0C.0
0118:  NOP
0119:  NOP
011A:  BCF    03.5
011B:  BCF    03.6
011C:  BTFSC  26.7
011D:  BSF    0B.7
011E:  BSF    03.6
011F:  MOVF   0C,W
0120:  ANDLW  7F
0121:  BTFSC  03.2
0122:  GOTO   165
0123:  BCF    03.6
0124:  MOVWF  26
0125:  BSF    03.6
0126:  MOVF   0D,W
0127:  BCF    03.6
0128:  MOVWF  27
0129:  BSF    03.6
012A:  MOVF   0F,W
012B:  BCF    03.6
012C:  MOVWF  28
012D:  MOVF   26,W
012E:  MOVWF  33
012F:  CALL   0DA
0130:  MOVF   27,W
0131:  BSF    03.6
0132:  MOVWF  0D
0133:  BCF    03.6
0134:  MOVF   28,W
0135:  BSF    03.6
0136:  MOVWF  0F
0137:  BCF    03.6
0138:  MOVF   0B,W
0139:  MOVWF  29
013A:  BCF    0B.7
013B:  BSF    03.5
013C:  BSF    03.6
013D:  BSF    0C.7
013E:  BSF    0C.0
013F:  NOP
0140:  NOP
0141:  BCF    03.5
0142:  BCF    03.6
0143:  BTFSC  29.7
0144:  BSF    0B.7
0145:  BSF    03.6
0146:  RLF    0C,W
0147:  RLF    0E,W
0148:  ANDLW  7F
0149:  BTFSC  03.2
014A:  GOTO   165
014B:  BCF    03.6
014C:  MOVWF  26
014D:  BSF    03.6
014E:  MOVF   0D,W
014F:  BCF    03.6
0150:  MOVWF  27
0151:  BSF    03.6
0152:  MOVF   0F,W
0153:  BCF    03.6
0154:  MOVWF  28
0155:  MOVF   26,W
0156:  MOVWF  33
0157:  CALL   0DA
0158:  MOVF   27,W
0159:  BSF    03.6
015A:  MOVWF  0D
015B:  BCF    03.6
015C:  MOVF   28,W
015D:  BSF    03.6
015E:  MOVWF  0F
015F:  INCF   0D,F
0160:  BTFSC  03.2
0161:  INCF   0F,F
0162:  BCF    03.6
0163:  GOTO   111
0164:  BSF    03.6
0165:  BCF    03.6
0166:  RETURN
0167:  MOVF   0B,W
0168:  MOVWF  27
0169:  BCF    0B.7
016A:  BSF    03.5
016B:  BSF    03.6
016C:  BSF    0C.7
016D:  BSF    0C.0
016E:  NOP
016F:  NOP
0170:  BCF    03.5
0171:  BCF    03.6
0172:  BTFSC  27.7
0173:  BSF    0B.7
0174:  BTFSC  03.0
0175:  GOTO   19E
0176:  BSF    03.6
0177:  MOVF   0C,W
0178:  ANDLW  7F
0179:  BCF    03.6
017A:  MOVWF  27
017B:  BSF    03.6
017C:  MOVF   0D,W
017D:  BCF    03.6
017E:  MOVWF  28
017F:  BSF    03.6
0180:  MOVF   0F,W
0181:  BCF    03.6
0182:  MOVWF  29
0183:  MOVF   27,W
0184:  MOVWF  33
0185:  CALL   0DA
0186:  MOVF   28,W
0187:  BSF    03.6
0188:  MOVWF  0D
0189:  BCF    03.6
018A:  MOVF   29,W
018B:  BSF    03.6
018C:  MOVWF  0F
018D:  BCF    03.6
018E:  MOVF   0B,W
018F:  MOVWF  2A
0190:  BCF    0B.7
0191:  BSF    03.5
0192:  BSF    03.6
0193:  BSF    0C.7
0194:  BSF    0C.0
0195:  NOP
0196:  NOP
0197:  BCF    03.5
0198:  BCF    03.6
0199:  BTFSC  2A.7
019A:  BSF    0B.7
019B:  DECFSZ 26,F
019C:  GOTO   19E
019D:  GOTO   1BD
019E:  BSF    03.6
019F:  RLF    0C,W
01A0:  RLF    0E,W
01A1:  ANDLW  7F
01A2:  BCF    03.6
01A3:  MOVWF  27
01A4:  BSF    03.6
01A5:  MOVF   0D,W
01A6:  BCF    03.6
01A7:  MOVWF  28
01A8:  BSF    03.6
01A9:  MOVF   0F,W
01AA:  BCF    03.6
01AB:  MOVWF  29
01AC:  MOVF   27,W
01AD:  MOVWF  33
01AE:  CALL   0DA
01AF:  MOVF   28,W
01B0:  BSF    03.6
01B1:  MOVWF  0D
01B2:  BCF    03.6
01B3:  MOVF   29,W
01B4:  BSF    03.6
01B5:  MOVWF  0F
01B6:  INCF   0D,F
01B7:  BTFSC  03.2
01B8:  INCF   0F,F
01B9:  BCF    03.0
01BA:  BCF    03.6
01BB:  DECFSZ 26,F
01BC:  GOTO   167
01BD:  RETURN
01BE:  MOVF   2D,W
01BF:  CLRF   78
01C0:  SUBWF  2C,W
01C1:  BTFSC  03.0
01C2:  GOTO   1C6
01C3:  MOVF   2C,W
01C4:  MOVWF  77
01C5:  GOTO   1D2
01C6:  CLRF   77
01C7:  MOVLW  08
01C8:  MOVWF  2E
01C9:  RLF    2C,F
01CA:  RLF    77,F
01CB:  MOVF   2D,W
01CC:  SUBWF  77,W
01CD:  BTFSC  03.0
01CE:  MOVWF  77
01CF:  RLF    78,F
01D0:  DECFSZ 2E,F
01D1:  GOTO   1C9
01D2:  RETURN
01D3:  MOVLW  20
01D4:  BTFSS  27.4
01D5:  MOVLW  30
01D6:  MOVWF  28
01D7:  MOVF   26,W
01D8:  MOVWF  77
01D9:  BTFSS  26.7
01DA:  GOTO   1E3
01DB:  COMF   77,F
01DC:  INCF   77,F
01DD:  MOVF   77,W
01DE:  MOVWF  26
01DF:  MOVLW  2D
01E0:  MOVWF  28
01E1:  BSF    27.7
01E2:  BSF    27.0
01E3:  MOVF   26,W
01E4:  MOVWF  2C
01E5:  MOVLW  64
01E6:  MOVWF  2D
01E7:  CALL   1BE
01E8:  MOVF   77,W
01E9:  MOVWF  26
01EA:  MOVLW  30
01EB:  ADDWF  78,W
01EC:  MOVWF  29
01ED:  MOVF   26,W
01EE:  MOVWF  2C
01EF:  MOVLW  0A
01F0:  MOVWF  2D
01F1:  CALL   1BE
01F2:  MOVLW  30
01F3:  ADDWF  77,W
01F4:  MOVWF  2B
01F5:  MOVLW  30
01F6:  ADDWF  78,W
01F7:  MOVWF  2A
01F8:  MOVF   28,W
01F9:  MOVWF  77
01FA:  MOVLW  30
01FB:  SUBWF  29,W
01FC:  BTFSC  03.2
01FD:  GOTO   202
01FE:  BSF    27.1
01FF:  BTFSC  27.7
0200:  BSF    27.2
0201:  GOTO   216
0202:  MOVF   28,W
0203:  MOVWF  29
0204:  MOVLW  20
0205:  MOVWF  28
0206:  MOVLW  30
0207:  SUBWF  2A,W
0208:  BTFSC  03.2
0209:  GOTO   20E
020A:  BSF    27.0
020B:  BTFSC  27.7
020C:  BSF    27.1
020D:  GOTO   216
020E:  BTFSS  03.2
020F:  BSF    27.0
0210:  BTFSS  03.2
0211:  GOTO   216
0212:  MOVF   29,W
0213:  MOVWF  2A
0214:  MOVLW  20
0215:  MOVWF  29
0216:  BTFSC  27.2
0217:  GOTO   21D
0218:  BTFSC  27.1
0219:  GOTO   220
021A:  BTFSC  27.0
021B:  GOTO   223
021C:  GOTO   226
021D:  MOVF   28,W
021E:  MOVWF  33
021F:  CALL   0DA
0220:  MOVF   29,W
0221:  MOVWF  33
0222:  CALL   0DA
0223:  MOVF   2A,W
0224:  MOVWF  33
0225:  CALL   0DA
0226:  MOVF   2B,W
0227:  MOVWF  33
0228:  CALL   0DA
0229:  BCF    0A.3
022A:  BCF    0A.4
022B:  GOTO   463 (RETURN)
022C:  BTFSC  03.1
022D:  GOTO   231
022E:  MOVLW  3B
022F:  MOVWF  04
0230:  BCF    03.7
0231:  CLRF   77
0232:  CLRF   78
0233:  CLRF   79
0234:  CLRF   7A
0235:  CLRF   3B
0236:  CLRF   3C
0237:  CLRF   3D
0238:  CLRF   3E
0239:  MOVF   3A,W
023A:  IORWF  39,W
023B:  IORWF  38,W
023C:  IORWF  37,W
023D:  BTFSC  03.2
023E:  GOTO   26F
023F:  MOVLW  20
0240:  MOVWF  3F
0241:  BCF    03.0
0242:  RLF    33,F
0243:  RLF    34,F
0244:  RLF    35,F
0245:  RLF    36,F
0246:  RLF    3B,F
0247:  RLF    3C,F
0248:  RLF    3D,F
0249:  RLF    3E,F
024A:  MOVF   3A,W
024B:  SUBWF  3E,W
024C:  BTFSS  03.2
024D:  GOTO   258
024E:  MOVF   39,W
024F:  SUBWF  3D,W
0250:  BTFSS  03.2
0251:  GOTO   258
0252:  MOVF   38,W
0253:  SUBWF  3C,W
0254:  BTFSS  03.2
0255:  GOTO   258
0256:  MOVF   37,W
0257:  SUBWF  3B,W
0258:  BTFSS  03.0
0259:  GOTO   269
025A:  MOVF   37,W
025B:  SUBWF  3B,F
025C:  MOVF   38,W
025D:  BTFSS  03.0
025E:  INCFSZ 38,W
025F:  SUBWF  3C,F
0260:  MOVF   39,W
0261:  BTFSS  03.0
0262:  INCFSZ 39,W
0263:  SUBWF  3D,F
0264:  MOVF   3A,W
0265:  BTFSS  03.0
0266:  INCFSZ 3A,W
0267:  SUBWF  3E,F
0268:  BSF    03.0
0269:  RLF    77,F
026A:  RLF    78,F
026B:  RLF    79,F
026C:  RLF    7A,F
026D:  DECFSZ 3F,F
026E:  GOTO   241
026F:  MOVF   3B,W
0270:  MOVWF  00
0271:  INCF   04,F
0272:  MOVF   3C,W
0273:  MOVWF  00
0274:  INCF   04,F
0275:  MOVF   3D,W
0276:  MOVWF  00
0277:  INCF   04,F
0278:  MOVF   3E,W
0279:  MOVWF  00
027A:  RETURN
027B:  MOVF   04,W
027C:  MOVWF  2B
027D:  MOVF   2A,W
027E:  MOVWF  2D
027F:  BTFSC  03.2
0280:  GOTO   30D
0281:  MOVF   29,W
0282:  MOVWF  36
0283:  MOVF   28,W
0284:  MOVWF  35
0285:  MOVF   27,W
0286:  MOVWF  34
0287:  MOVF   26,W
0288:  MOVWF  33
0289:  CLRF   3A
028A:  CLRF   39
028B:  MOVLW  20
028C:  MOVWF  38
028D:  MOVLW  82
028E:  MOVWF  37
028F:  MOVF   33,W
0290:  BTFSC  03.2
0291:  GOTO   2FF
0292:  MOVWF  3B
0293:  MOVF   37,W
0294:  BTFSC  03.2
0295:  GOTO   2FF
0296:  ADDWF  3B,F
0297:  BTFSC  03.0
0298:  GOTO   2A0
0299:  MOVLW  7F
029A:  SUBWF  3B,F
029B:  BTFSS  03.0
029C:  GOTO   2FF
029D:  BTFSC  03.2
029E:  GOTO   2FF
029F:  GOTO   2A4
02A0:  MOVLW  81
02A1:  ADDWF  3B,F
02A2:  BTFSC  03.0
02A3:  GOTO   2FF
02A4:  MOVF   3B,W
02A5:  MOVWF  77
02A6:  CLRF   78
02A7:  CLRF   79
02A8:  CLRF   7A
02A9:  MOVF   34,W
02AA:  MOVWF  3F
02AB:  BSF    3F.7
02AC:  MOVF   35,W
02AD:  MOVWF  3E
02AE:  MOVF   36,W
02AF:  MOVWF  3D
02B0:  MOVLW  18
02B1:  MOVWF  3B
02B2:  CLRF   3C
02B3:  BTFSS  3D.0
02B4:  GOTO   2CD
02B5:  MOVF   3A,W
02B6:  ADDWF  7A,F
02B7:  BTFSS  03.0
02B8:  GOTO   2BF
02B9:  INCF   79,F
02BA:  BTFSS  03.2
02BB:  GOTO   2BF
02BC:  INCF   78,F
02BD:  BTFSC  03.2
02BE:  BSF    3C.7
02BF:  MOVF   39,W
02C0:  ADDWF  79,F
02C1:  BTFSS  03.0
02C2:  GOTO   2C6
02C3:  INCF   78,F
02C4:  BTFSC  03.2
02C5:  BSF    3C.7
02C6:  MOVF   38,W
02C7:  MOVWF  35
02C8:  BSF    35.7
02C9:  MOVF   35,W
02CA:  ADDWF  78,F
02CB:  BTFSC  03.0
02CC:  BSF    3C.7
02CD:  RLF    3C,F
02CE:  RRF    78,F
02CF:  RRF    79,F
02D0:  RRF    7A,F
02D1:  RRF    3F,F
02D2:  RRF    3E,F
02D3:  RRF    3D,F
02D4:  BCF    03.0
02D5:  DECFSZ 3B,F
02D6:  GOTO   2B2
02D7:  MOVLW  01
02D8:  ADDWF  77,F
02D9:  BTFSC  03.0
02DA:  GOTO   2FF
02DB:  BTFSC  78.7
02DC:  GOTO   2E4
02DD:  RLF    3F,F
02DE:  RLF    7A,F
02DF:  RLF    79,F
02E0:  RLF    78,F
02E1:  DECF   77,F
02E2:  BTFSC  03.2
02E3:  GOTO   2FF
02E4:  BTFSS  3F.7
02E5:  GOTO   2F5
02E6:  INCF   7A,F
02E7:  BTFSS  03.2
02E8:  GOTO   2F5
02E9:  INCF   79,F
02EA:  BTFSS  03.2
02EB:  GOTO   2F5
02EC:  INCF   78,F
02ED:  BTFSS  03.2
02EE:  GOTO   2F5
02EF:  RRF    78,F
02F0:  RRF    79,F
02F1:  RRF    7A,F
02F2:  INCF   77,F
02F3:  BTFSC  03.2
02F4:  GOTO   2FF
02F5:  MOVF   34,W
02F6:  MOVWF  3C
02F7:  MOVF   38,W
02F8:  XORWF  3C,F
02F9:  BTFSS  3C.7
02FA:  GOTO   2FD
02FB:  BSF    78.7
02FC:  GOTO   303
02FD:  BCF    78.7
02FE:  GOTO   303
02FF:  CLRF   77
0300:  CLRF   78
0301:  CLRF   79
0302:  CLRF   7A
0303:  MOVF   7A,W
0304:  MOVWF  29
0305:  MOVF   79,W
0306:  MOVWF  28
0307:  MOVF   78,W
0308:  MOVWF  27
0309:  MOVF   77,W
030A:  MOVWF  26
030B:  DECFSZ 2D,F
030C:  GOTO   281
030D:  MOVF   29,W
030E:  MOVWF  36
030F:  MOVF   28,W
0310:  MOVWF  35
0311:  MOVF   27,W
0312:  MOVWF  34
0313:  MOVF   26,W
0314:  MOVWF  33
0315:  MOVF   33,W
0316:  SUBLW  B6
0317:  MOVWF  33
0318:  CLRF   7A
0319:  MOVF   34,W
031A:  MOVWF  37
031B:  BSF    34.7
031C:  BCF    03.0
031D:  RRF    34,F
031E:  RRF    35,F
031F:  RRF    36,F
0320:  RRF    7A,F
0321:  RRF    79,F
0322:  RRF    78,F
0323:  RRF    77,F
0324:  DECFSZ 33,F
0325:  GOTO   31C
0326:  BTFSS  37.7
0327:  GOTO   333
0328:  COMF   77,F
0329:  COMF   78,F
032A:  COMF   79,F
032B:  COMF   7A,F
032C:  INCF   77,F
032D:  BTFSC  03.2
032E:  INCF   78,F
032F:  BTFSC  03.2
0330:  INCF   79,F
0331:  BTFSC  03.2
0332:  INCF   7A,F
0333:  MOVF   7A,W
0334:  MOVWF  29
0335:  MOVF   79,W
0336:  MOVWF  28
0337:  MOVF   78,W
0338:  MOVWF  27
0339:  MOVF   77,W
033A:  MOVWF  26
033B:  BTFSS  29.7
033C:  GOTO   34A
033D:  DECF   2B,F
033E:  BSF    2B.5
033F:  COMF   26,F
0340:  COMF   27,F
0341:  COMF   28,F
0342:  COMF   29,F
0343:  INCF   26,F
0344:  BTFSC  03.2
0345:  INCF   27,F
0346:  BTFSC  03.2
0347:  INCF   28,F
0348:  BTFSC  03.2
0349:  INCF   29,F
034A:  MOVLW  3B
034B:  MOVWF  32
034C:  MOVLW  9A
034D:  MOVWF  31
034E:  MOVLW  CA
034F:  MOVWF  30
0350:  CLRF   2F
0351:  MOVLW  0A
0352:  MOVWF  2D
0353:  MOVF   2A,W
0354:  BTFSC  03.2
0355:  INCF   2B,F
0356:  BSF    03.1
0357:  MOVLW  26
0358:  MOVWF  04
0359:  BCF    03.7
035A:  MOVF   29,W
035B:  MOVWF  36
035C:  MOVF   28,W
035D:  MOVWF  35
035E:  MOVF   27,W
035F:  MOVWF  34
0360:  MOVF   26,W
0361:  MOVWF  33
0362:  MOVF   32,W
0363:  MOVWF  3A
0364:  MOVF   31,W
0365:  MOVWF  39
0366:  MOVF   30,W
0367:  MOVWF  38
0368:  MOVF   2F,W
0369:  MOVWF  37
036A:  CALL   22C
036B:  MOVF   78,W
036C:  MOVF   77,F
036D:  BTFSS  03.2
036E:  GOTO   382
036F:  INCF   2A,W
0370:  SUBWF  2D,W
0371:  BTFSC  03.2
0372:  GOTO   382
0373:  MOVF   2B,W
0374:  BTFSC  03.2
0375:  GOTO   384
0376:  ANDLW  0F
0377:  SUBWF  2D,W
0378:  BTFSC  03.2
0379:  GOTO   37C
037A:  BTFSC  03.0
037B:  GOTO   3B4
037C:  BTFSC  2B.7
037D:  GOTO   3B4
037E:  BTFSC  2B.6
037F:  GOTO   384
0380:  MOVLW  20
0381:  GOTO   3B0
0382:  MOVLW  20
0383:  ANDWF  2B,F
0384:  BTFSS  2B.5
0385:  GOTO   392
0386:  BCF    2B.5
0387:  MOVF   2A,W
0388:  BTFSS  03.2
0389:  DECF   2B,F
038A:  MOVF   77,W
038B:  MOVWF  2B
038C:  MOVLW  2D
038D:  MOVWF  33
038E:  CALL   0DA
038F:  MOVF   2B,W
0390:  MOVWF  77
0391:  CLRF   2B
0392:  MOVF   2A,W
0393:  SUBWF  2D,W
0394:  BTFSS  03.2
0395:  GOTO   3A0
0396:  MOVF   77,W
0397:  MOVWF  2B
0398:  MOVLW  2E
0399:  MOVWF  33
039A:  CALL   0DA
039B:  MOVF   2B,W
039C:  MOVWF  77
039D:  MOVLW  20
039E:  ANDWF  2B,F
039F:  MOVLW  00
03A0:  MOVLW  30
03A1:  BTFSS  2B.5
03A2:  GOTO   3B0
03A3:  BCF    2B.5
03A4:  MOVF   2A,W
03A5:  BTFSS  03.2
03A6:  DECF   2B,F
03A7:  MOVF   77,W
03A8:  MOVWF  2B
03A9:  MOVLW  2D
03AA:  MOVWF  33
03AB:  CALL   0DA
03AC:  MOVF   2B,W
03AD:  MOVWF  77
03AE:  CLRF   2B
03AF:  MOVLW  30
03B0:  ADDWF  77,F
03B1:  MOVF   77,W
03B2:  MOVWF  33
03B3:  CALL   0DA
03B4:  BCF    03.1
03B5:  MOVF   32,W
03B6:  MOVWF  36
03B7:  MOVF   31,W
03B8:  MOVWF  35
03B9:  MOVF   30,W
03BA:  MOVWF  34
03BB:  MOVF   2F,W
03BC:  MOVWF  33
03BD:  CLRF   3A
03BE:  CLRF   39
03BF:  CLRF   38
03C0:  MOVLW  0A
03C1:  MOVWF  37
03C2:  CALL   22C
03C3:  MOVF   7A,W
03C4:  MOVWF  32
03C5:  MOVF   79,W
03C6:  MOVWF  31
03C7:  MOVF   78,W
03C8:  MOVWF  30
03C9:  MOVF   77,W
03CA:  MOVWF  2F
03CB:  DECFSZ 2D,F
03CC:  GOTO   356
03CD:  BCF    0A.3
03CE:  BCF    0A.4
03CF:  GOTO   487 (RETURN)
....................  
.................... #list 
....................  
.................... #device adc=8    //NAO PODE FICAR 16 
....................  
.................... #FUSES NOWDT //No Watch Dog Timer 
.................... #FUSES HS //High speed Osc (> 4mhz for PCM/PCH) (>10mhz for PCD)#FUSES NOPUT //No Power Up Timer 
.................... #FUSES NOPROTECT //Code not protected from reading 
.................... #FUSES NODEBUG //No Debug mode for ICD 
.................... #FUSES BROWNOUT //Reset when brownout detected 
.................... #FUSES NOLVP //No low voltage prgming, B3(PIC16) or B5(PIC18) used forI/O#FUSES NOCPD //No EE protection 
.................... #FUSES NOWRT //Program memory not write protected 
....................  
.................... #use delay(clock=20000000) 
*
0041:  MOVLW  34
0042:  MOVWF  04
0043:  BCF    03.7
0044:  MOVF   00,W
0045:  BTFSC  03.2
0046:  GOTO   054
0047:  MOVLW  06
0048:  MOVWF  78
0049:  CLRF   77
004A:  DECFSZ 77,F
004B:  GOTO   04A
004C:  DECFSZ 78,F
004D:  GOTO   049
004E:  MOVLW  7B
004F:  MOVWF  77
0050:  DECFSZ 77,F
0051:  GOTO   050
0052:  DECFSZ 00,F
0053:  GOTO   047
0054:  RETURN
....................  
.................... #ifndef lcd_enable 
....................    #define              lcd_enable pin_e1 // pino enable do LCD 
....................    #define              lcd_rs pin_e2 // pino rs do LCD 
....................    //#define            lcd_rw pin_A4 // pino rw do LCD 
....................    #define              lcd_d4 pin_d4 // pino de dados d4 do LCD 
....................    #define              lcd_d5 pin_d5 // pino de dados d5 do LCD 
....................    #define              lcd_d6 pin_d6 // pino de dados d6 do LCD 
....................    #define              lcd_d7 pin_d7 // pino de dados d7 do LCD 
.................... #endif 
....................  
....................  
.................... // Essa forma de incluir indicando a pasta onde est?o arquivo mod_lcd.c 
.................... //#include "C:\Alberto\IFMT 2024 - II\Fábio Pereira\mod_lcd.c" 
.................... #include "mod_lcd.c" // Essa forma de incluir quando o arquivo está na mesma pasta do projeto 
.................... /************************************************************************/ 
.................... /*  MOD_LCD.C - Biblioteca de manipulação de módulo LCD                 */ 
.................... /*                                                                      */ 
.................... /*  Autor: Fábio Pereira                                                */ 
.................... /*                                                                      */ 
.................... /************************************************************************/ 
....................  
.................... // As definições a seguir são utilizadas para acesso aos pinos do display 
.................... // caso o pino RW não seja utilizado, comente a definição lcd_rw 
.................... #ifndef lcd_enable 
.................... 	#define lcd_enable 		pin_e1		// pino enable do LCD 
.................... 	#define lcd_rs			pin_e0		// pino rs do LCD 
.................... 	//#define lcd_rw		pin_e2		// pino rw do LCD 
.................... 	#define lcd_d4			pin_d4		// pino de dados d4 do LCD 
.................... 	#define lcd_d5			pin_d5		// pino de dados d5 do LCD 
.................... 	#define lcd_d6			pin_d6		// pino de dados d6 do LCD 
.................... 	#define lcd_d7			pin_d7		// pino de dados d7 do LCD 
.................... #endif 
....................  
.................... #define lcd_type 2           // 0=5x7, 1=5x10, 2=2 linhas 
.................... #define lcd_seg_lin 0x40    // Endereço da segunda linha na RAM do LCD 
....................  
.................... // a constante abaixo define a seqüência de inicialização do módulo LCD 
.................... byte CONST INI_LCD[4] = {0x20 | (lcd_type << 2), 0xf, 1, 6}; 
....................  
.................... byte lcd_le_byte() 
.................... // lê um byte do LCD (somente com pino RW) 
.................... { 
.................... 	byte dado; 
.................... 	// configura os pinos de dados como entradas 
.................... 	input(lcd_d4); 
.................... 	input(lcd_d5); 
.................... 	input(lcd_d6); 
.................... 	input(lcd_d7); 
.................... 	// se o pino rw for utilizado, coloca em 1 
.................... 	#ifdef lcd_rw 
.................... 		output_high(lcd_rw); 
.................... 	#endif 
....................    output_high(lcd_enable); // habilita display 
.................... 	dado = 0;	// zera a variável de leitura 
.................... 	// lê os quatro bits mais significativos 
.................... 	if (input(lcd_d7)) bit_set(dado,7); 
.................... 	if (input(lcd_d6)) bit_set(dado,6); 
.................... 	if (input(lcd_d5)) bit_set(dado,5); 
.................... 	if (input(lcd_d4)) bit_set(dado,4); 
.................... 	// dá um pulso na linha enable 
.................... 	output_low(lcd_enable); 
.................... 	output_high(lcd_enable); 
.................... 	// lê os quatro bits menos significativos 
.................... 	if (input(lcd_d7)) bit_set(dado,3); 
.................... 	if (input(lcd_d6)) bit_set(dado,2); 
.................... 	if (input(lcd_d5)) bit_set(dado,1); 
.................... 	if (input(lcd_d4)) bit_set(dado,0); 
.................... 	output_low(lcd_enable);	// desabilita o display 
.................... 	return dado;	// retorna o byte lido 
.................... } 
....................  
.................... void lcd_envia_nibble( byte dado ) 
.................... // envia um dado de quatro bits para o display 
.................... { 
.................... 	// coloca os quatro bits nas saidas 
.................... 	output_bit(lcd_d4,bit_test(dado,0)); 
0055:  BTFSC  3B.0
0056:  GOTO   059
0057:  BCF    08.4
0058:  GOTO   05A
0059:  BSF    08.4
005A:  BSF    03.5
005B:  BCF    08.4
.................... 	output_bit(lcd_d5,bit_test(dado,1)); 
005C:  BCF    03.5
005D:  BTFSC  3B.1
005E:  GOTO   061
005F:  BCF    08.5
0060:  GOTO   062
0061:  BSF    08.5
0062:  BSF    03.5
0063:  BCF    08.5
.................... 	output_bit(lcd_d6,bit_test(dado,2)); 
0064:  BCF    03.5
0065:  BTFSC  3B.2
0066:  GOTO   069
0067:  BCF    08.6
0068:  GOTO   06A
0069:  BSF    08.6
006A:  BSF    03.5
006B:  BCF    08.6
.................... 	output_bit(lcd_d7,bit_test(dado,3)); 
006C:  BCF    03.5
006D:  BTFSC  3B.3
006E:  GOTO   071
006F:  BCF    08.7
0070:  GOTO   072
0071:  BSF    08.7
0072:  BSF    03.5
0073:  BCF    08.7
.................... 	// dá um pulso na linha enable 
.................... 	output_high(lcd_enable); 
0074:  BCF    09.1
0075:  BCF    03.5
0076:  BSF    09.1
.................... 	output_low(lcd_enable); 
0077:  BSF    03.5
0078:  BCF    09.1
0079:  BCF    03.5
007A:  BCF    09.1
007B:  RETURN
.................... } 
....................  
....................  
.................... void lcd_envia_byte( boolean endereco, byte dado ) 
.................... { 
.................... 	// coloca a linha rs em 0 
.................... 	output_low(lcd_rs); 
007C:  BSF    03.5
007D:  BCF    09.2
007E:  BCF    03.5
007F:  BCF    09.2
.................... 	// aguarda o display ficar desocupado 
.................... 	//while ( bit_test(lcd_le_byte(),7) ) ; 
.................... 	// configura a linha rs dependendo do modo selecionado 
.................... 	output_bit(lcd_rs,endereco); 
0080:  MOVF   38,F
0081:  BTFSS  03.2
0082:  GOTO   085
0083:  BCF    09.2
0084:  GOTO   086
0085:  BSF    09.2
0086:  BSF    03.5
0087:  BCF    09.2
.................... 	delay_us(100);	// aguarda 100 us 
0088:  MOVLW  A6
0089:  MOVWF  77
008A:  DECFSZ 77,F
008B:  GOTO   08A
008C:  NOP
.................... 	// caso a linha rw esteja definida, coloca em 0 
.................... 	#ifdef lcd_rw 
.................... 		output_low(lcd_rw); 
.................... 	#endif 
.................... 	// desativa linha enable 
.................... 	output_low(lcd_enable); 
008D:  BCF    09.1
008E:  BCF    03.5
008F:  BCF    09.1
.................... 	// envia a primeira parte do byte 
.................... 	lcd_envia_nibble(dado >> 4); 
0090:  SWAPF  39,W
0091:  MOVWF  3A
0092:  MOVLW  0F
0093:  ANDWF  3A,F
0094:  MOVF   3A,W
0095:  MOVWF  3B
0096:  CALL   055
.................... 	// envia a segunda parte do byte 
.................... 	lcd_envia_nibble(dado & 0x0f); 
0097:  MOVF   39,W
0098:  ANDLW  0F
0099:  MOVWF  3A
009A:  MOVWF  3B
009B:  CALL   055
009C:  RETURN
.................... } 
....................  
....................  
.................... void lcd_ini() 
.................... // rotina de inicialização do display 
.................... { 
.................... 	byte conta; 
.................... 	output_low(lcd_d4); 
009D:  BSF    03.5
009E:  BCF    08.4
009F:  BCF    03.5
00A0:  BCF    08.4
.................... 	output_low(lcd_d5); 
00A1:  BSF    03.5
00A2:  BCF    08.5
00A3:  BCF    03.5
00A4:  BCF    08.5
.................... 	output_low(lcd_d6); 
00A5:  BSF    03.5
00A6:  BCF    08.6
00A7:  BCF    03.5
00A8:  BCF    08.6
.................... 	output_low(lcd_d7); 
00A9:  BSF    03.5
00AA:  BCF    08.7
00AB:  BCF    03.5
00AC:  BCF    08.7
.................... 	output_low(lcd_rs); 
00AD:  BSF    03.5
00AE:  BCF    09.2
00AF:  BCF    03.5
00B0:  BCF    09.2
.................... 	#ifdef lcd_rw 
.................... 		output_high(lcd_rw); 
.................... 	#endif 
.................... 	output_low(lcd_enable); 
00B1:  BSF    03.5
00B2:  BCF    09.1
00B3:  BCF    03.5
00B4:  BCF    09.1
.................... 	delay_ms(15); 
00B5:  MOVLW  0F
00B6:  MOVWF  34
00B7:  CALL   041
.................... 	// envia uma seqüência de 3 vezes 0x03 
.................... 	// e depois 0x02 para configurar o módulo 
.................... 	// para modo de 4 bits 
.................... 	for(conta=1;conta<=3;++conta) 
00B8:  MOVLW  01
00B9:  MOVWF  26
00BA:  MOVF   26,W
00BB:  SUBLW  03
00BC:  BTFSS  03.0
00BD:  GOTO   0C6
.................... 	{ 
.................... 		lcd_envia_nibble(3); 
00BE:  MOVLW  03
00BF:  MOVWF  3B
00C0:  CALL   055
.................... 		delay_ms(5); 
00C1:  MOVLW  05
00C2:  MOVWF  34
00C3:  CALL   041
00C4:  INCF   26,F
00C5:  GOTO   0BA
.................... 	} 
.................... 	lcd_envia_nibble(2); 
00C6:  MOVLW  02
00C7:  MOVWF  3B
00C8:  CALL   055
.................... 	// envia string de inicialização do display 
.................... 	for(conta=0;conta<=3;++conta) lcd_envia_byte(0,INI_LCD[conta]); 
00C9:  CLRF   26
00CA:  MOVF   26,W
00CB:  SUBLW  03
00CC:  BTFSS  03.0
00CD:  GOTO   0D7
00CE:  MOVF   26,W
00CF:  CALL   004
00D0:  MOVWF  27
00D1:  CLRF   38
00D2:  MOVF   27,W
00D3:  MOVWF  39
00D4:  CALL   07C
00D5:  INCF   26,F
00D6:  GOTO   0CA
00D7:  BCF    0A.3
00D8:  BCF    0A.4
00D9:  GOTO   417 (RETURN)
.................... } 
....................  
.................... void lcd_pos_xy( byte x, byte y) 
.................... { 
....................    byte endereco; 
....................    if(y!=1) 
*
00F4:  DECFSZ 35,W
00F5:  GOTO   0F7
00F6:  GOTO   0FA
....................    	endereco = lcd_seg_lin; 
00F7:  MOVLW  40
00F8:  MOVWF  36
00F9:  GOTO   0FB
....................    else 
....................    	endereco = 0; 
00FA:  CLRF   36
....................    endereco += x-1; 
00FB:  MOVLW  01
00FC:  SUBWF  34,W
00FD:  ADDWF  36,F
....................    lcd_envia_byte(0,0x80|endereco); 
00FE:  MOVF   36,W
00FF:  IORLW  80
0100:  MOVWF  37
0101:  CLRF   38
0102:  MOVF   37,W
0103:  MOVWF  39
0104:  CALL   07C
.................... } 
....................  
.................... void lcd_escreve( char c) 
.................... // envia caractere para o display 
.................... { 
....................    switch (c) 
*
00DA:  MOVF   33,W
00DB:  XORLW  0C
00DC:  BTFSC  03.2
00DD:  GOTO   0E8
00DE:  XORLW  06
00DF:  BTFSC  03.2
00E0:  GOTO   0F0
00E1:  XORLW  07
00E2:  BTFSC  03.2
00E3:  GOTO   0F0
00E4:  XORLW  05
00E5:  BTFSC  03.2
00E6:  GOTO   106
00E7:  GOTO   10B
.................... 	{ 
....................      case '\f' 	:	lcd_envia_byte(0,1); 
00E8:  CLRF   38
00E9:  MOVLW  01
00EA:  MOVWF  39
00EB:  CALL   07C
.................... 	  			delay_ms(2); 
00EC:  MOVLW  02
00ED:  MOVWF  34
00EE:  CALL   041
.................... 				break; 
00EF:  GOTO   110
....................      case '\n'	: 
.................... 	 case '\r' 	:	lcd_pos_xy(1,2); 
00F0:  MOVLW  01
00F1:  MOVWF  34
00F2:  MOVLW  02
00F3:  MOVWF  35
.................... 	  			break; 
*
0105:  GOTO   110
....................      case '\b' 	:	lcd_envia_byte(0,0x10); 
0106:  CLRF   38
0107:  MOVLW  10
0108:  MOVWF  39
0109:  CALL   07C
.................... 	  			break; 
010A:  GOTO   110
....................      default	:	lcd_envia_byte(1,c); 
010B:  MOVLW  01
010C:  MOVWF  38
010D:  MOVF   33,W
010E:  MOVWF  39
010F:  CALL   07C
.................... 	  			break; 
....................    } 
0110:  RETURN
.................... } 
....................  
.................... char lcd_le( byte x, byte y) 
.................... // le caractere do display 
.................... { 
.................... 	char valor; 
.................... 	// seleciona a posição do caractere 
.................... 	lcd_pos_xy(x,y); 
.................... 	// ativa rs 
.................... 	output_high(lcd_rs); 
.................... 	// lê o caractere 
.................... 	valor = lcd_le_byte(); 
.................... 	// desativa rs 
.................... 	output_low(lcd_rs); 
.................... 	// retorna o valor do caractere 
.................... 	return valor; 
.................... } 
....................  
....................  
....................  
.................... void main() 
*
03D0:  MOVF   03,W
03D1:  ANDLW  1F
03D2:  MOVWF  03
03D3:  MOVLW  FF
03D4:  MOVWF  20
03D5:  BSF    03.5
03D6:  BSF    1F.0
03D7:  BSF    1F.1
03D8:  BSF    1F.2
03D9:  BCF    1F.3
03DA:  MOVLW  07
03DB:  MOVWF  1C
03DC:  BCF    03.7
.................... { 
....................    setup_adc_ports(NO_ANALOGS); 
03DD:  BSF    1F.0
03DE:  BSF    1F.1
03DF:  BSF    1F.2
03E0:  BCF    1F.3
....................    setup_adc(ADC_OFF); 
03E1:  BCF    03.5
03E2:  BCF    1F.0
....................    setup_psp(PSP_DISABLED); 
03E3:  BSF    03.5
03E4:  BCF    09.4
....................    setup_spi(SPI_SS_DISABLED); 
03E5:  BCF    03.5
03E6:  BCF    14.5
03E7:  BCF    20.5
03E8:  MOVF   20,W
03E9:  BSF    03.5
03EA:  MOVWF  07
03EB:  BCF    03.5
03EC:  BSF    20.4
03ED:  MOVF   20,W
03EE:  BSF    03.5
03EF:  MOVWF  07
03F0:  BCF    03.5
03F1:  BCF    20.3
03F2:  MOVF   20,W
03F3:  BSF    03.5
03F4:  MOVWF  07
03F5:  MOVLW  01
03F6:  BCF    03.5
03F7:  MOVWF  14
03F8:  MOVLW  00
03F9:  BSF    03.5
03FA:  MOVWF  14
....................    setup_timer_0(RTCC_INTERNAL|RTCC_DIV_1); 
03FB:  MOVF   01,W
03FC:  ANDLW  C7
03FD:  IORLW  08
03FE:  MOVWF  01
....................    setup_timer_1(T1_DISABLED); 
03FF:  BCF    03.5
0400:  CLRF   10
....................    setup_timer_2(T2_DISABLED,0,1); 
0401:  MOVLW  00
0402:  MOVWF  78
0403:  MOVWF  12
0404:  MOVLW  00
0405:  BSF    03.5
0406:  MOVWF  12
....................    setup_comparator(NC_NC_NC_NC); 
0407:  MOVLW  07
0408:  MOVWF  1C
0409:  MOVF   05,W
040A:  MOVWF  05
040B:  MOVLW  10
040C:  MOVWF  77
040D:  DECFSZ 77,F
040E:  GOTO   40D
040F:  NOP
0410:  MOVF   1C,W
0411:  BCF    03.5
0412:  BCF    0D.6
....................    setup_vref(FALSE); 
0413:  BSF    03.5
0414:  CLRF   1D
....................     
....................     
....................    lcd_ini(); // inicializa o LCD com 2 linhas e coloca o cursor no início da primeira linha 
0415:  BCF    03.5
0416:  GOTO   09D
....................    delay_ms(50); 
0417:  MOVLW  32
0418:  MOVWF  34
0419:  CALL   041
....................     
.................... /*============================================================== 
.................... use as letras: 
.................... \f :apagar oq está no lcd  
.................... \n :pula para proxima linha  
.................... \r :retorna para o inicio   
.................... \b : 
....................  
....................  
.................... ================================================================*/ 
....................     
....................    int valor = 10; 
....................    float valor2 = 9.9999; 
041A:  MOVLW  0A
041B:  MOVWF  21
041C:  MOVLW  97
041D:  MOVWF  25
041E:  MOVLW  FF
041F:  MOVWF  24
0420:  MOVLW  1F
0421:  MOVWF  23
0422:  MOVLW  82
0423:  MOVWF  22
....................     
....................    while (true) 
....................    { 
....................       lcd_escreve ('\f'); // Apaga (limpa) o display 
0424:  MOVLW  0C
0425:  MOVWF  33
0426:  CALL   0DA
....................       printf (lcd_escreve,"George Henrique \r\n"); 
0427:  MOVLW  0C
0428:  BSF    03.6
0429:  MOVWF  0D
042A:  MOVLW  00
042B:  MOVWF  0F
042C:  BCF    03.6
042D:  CALL   111
....................       printf (lcd_escreve,"SABE TUDO "); 
042E:  MOVLW  16
042F:  BSF    03.6
0430:  MOVWF  0D
0431:  MOVLW  00
0432:  MOVWF  0F
0433:  BCF    03.6
0434:  CALL   111
....................       delay_ms (2000); 
0435:  MOVLW  08
0436:  MOVWF  26
0437:  MOVLW  FA
0438:  MOVWF  34
0439:  CALL   041
043A:  DECFSZ 26,F
043B:  GOTO   437
....................       lcd_escreve ('\f'); // Apaga (limpa) o display 
043C:  MOVLW  0C
043D:  MOVWF  33
043E:  CALL   0DA
....................       printf (lcd_escreve,"MICROCONTROLADOR\r\n"); 
043F:  MOVLW  1C
0440:  BSF    03.6
0441:  MOVWF  0D
0442:  MOVLW  00
0443:  MOVWF  0F
0444:  BCF    03.6
0445:  CALL   111
....................       printf (lcd_escreve,"E FACIL "); 
0446:  MOVLW  26
0447:  BSF    03.6
0448:  MOVWF  0D
0449:  MOVLW  00
044A:  MOVWF  0F
044B:  BCF    03.6
044C:  CALL   111
....................       delay_ms (2000); 
044D:  MOVLW  08
044E:  MOVWF  26
044F:  MOVLW  FA
0450:  MOVWF  34
0451:  CALL   041
0452:  DECFSZ 26,F
0453:  GOTO   44F
....................       printf (lcd_escreve,"\fVALOR int = %d\r\n",valor); 
0454:  MOVLW  2B
0455:  BSF    03.6
0456:  MOVWF  0D
0457:  MOVLW  00
0458:  MOVWF  0F
0459:  BCF    03.0
045A:  MOVLW  0D
045B:  BCF    03.6
045C:  MOVWF  26
045D:  CALL   167
045E:  MOVF   21,W
045F:  MOVWF  26
0460:  MOVLW  18
0461:  MOVWF  27
0462:  GOTO   1D3
0463:  MOVLW  0D
0464:  MOVWF  33
0465:  CALL   0DA
0466:  MOVLW  0A
0467:  MOVWF  33
0468:  CALL   0DA
....................       delay_ms (2000); 
0469:  MOVLW  08
046A:  MOVWF  26
046B:  MOVLW  FA
046C:  MOVWF  34
046D:  CALL   041
046E:  DECFSZ 26,F
046F:  GOTO   46B
....................       printf (lcd_escreve,"\fVALOR float = \r %3.2f\r\n",valor2); 
0470:  MOVLW  34
0471:  BSF    03.6
0472:  MOVWF  0D
0473:  MOVLW  00
0474:  MOVWF  0F
0475:  BCF    03.0
0476:  MOVLW  11
0477:  BCF    03.6
0478:  MOVWF  26
0479:  CALL   167
047A:  MOVLW  02
047B:  MOVWF  04
047C:  MOVF   25,W
047D:  MOVWF  29
047E:  MOVF   24,W
047F:  MOVWF  28
0480:  MOVF   23,W
0481:  MOVWF  27
0482:  MOVF   22,W
0483:  MOVWF  26
0484:  MOVLW  02
0485:  MOVWF  2A
0486:  GOTO   27B
0487:  MOVLW  0D
0488:  MOVWF  33
0489:  CALL   0DA
048A:  MOVLW  0A
048B:  MOVWF  33
048C:  CALL   0DA
....................       delay_ms (2000); 
048D:  MOVLW  08
048E:  MOVWF  26
048F:  MOVLW  FA
0490:  MOVWF  34
0491:  CALL   041
0492:  DECFSZ 26,F
0493:  GOTO   48F
0494:  GOTO   424
....................        
....................    } 
.................... } 
0495:  SLEEP

Configuration Fuses:
   Word  1: 3F72   HS NOWDT PUT BROWNOUT NOLVP NOCPD NOWRT NODEBUG NOPROTECT
