
ROM used:   1174/8192 (14%)
            1174/8192 (14%) including unused fragments

            1.3 Average locations per line
            12.0 Average locations per statement

RAM used:   7/368 (2%) at main() level
            37/368 (10%) worst case

Stack used: 4 worst case (4 in main + 0 for interrupts)
Stack size: 8

Lines Stmts  %   Files
----- ----- ---  -----
   81    26  27  lcd ola mundo.c
  671     0   0  ..\..\..\..\..\..\Program Files (x86)\PICC\Devices\16F877A.h
  165    72  73  ..\..\..\..\..\..\Program Files (x86)\PICC\Devices\mod_lcd.c
----- -----
  917    98 Total

Page ROM  %  RAM   Vol Diff  Functions:
---- --- --- ---   --- ----  ----------
0     20   2    1             @delay_ms1
0      8   1    0             @const621
0     39   3    1   260  1.9  lcd_envia_nibble
0     33   3    3   176  2.7  lcd_envia_byte
0     61   5    2   433  4.3  lcd_ini
 Inline         4   186  5.5  lcd_pos_xy
0     55   5    1   290  4.1  lcd_escreve
0    198  17    1   801  3.3  MAIN
0     10   1    0             @const649
0     86   7    4             @PSTRINGC7_637
0      6   1    0             @const651
0     10   1    0             @const652
0      5   0    0             @const653
0      9   1    0             @const654
0     87   7    5             @PSTRINGCN7_637
0     21   2    3             @DIV88
0     89   8    6             @PRINTF_D_637
0     13   1    0             @const663
 Inline        13             @MULFF
 Inline         5             @FTOSD
0     79   7   13             @DIV3232
0    341  29   13             @PRINTF_L32D_637FPFPF
 Inline         0             @cinit1

Program metrics:
    Functions               6
    Statements              98
    Comments                183
    Volume (V)              3143
    Difficulty (D)          19.9
    Effort to implement (E) 62439
    Time to implement (T)   58 minutes
    Est Delivered Bugs (B)  1
    Cyclomatic Complexity   8
    Maintainability (MI)    131

 Segment     Used  Free
-----------  ----  ----
00000-00003     4  0  
00004-007FF  1170  874  
00800-00FFF     0  2048  
01000-017FF     0  2048  
01800-01FFF     0  2048  



