
ROM used:   1342/8192 (16%)
            1342/8192 (16%) including unused fragments

            1.4 Average locations per line
            13.2 Average locations per statement

RAM used:   10/368 (3%) at main() level
            40/368 (11%) worst case

Stack used: 4 worst case (4 in main + 0 for interrupts)
Stack size: 8

Lines Stmts  %   Files
----- ----- ---  -----
   94    30  29  sensorChuva.c
  671     0   0  ..\..\..\..\..\..\..\Program Files (x86)\PICC\Devices\16F877A.h
  165    72  71  ..\..\..\..\..\..\..\Program Files (x86)\PICC\Devices\mod_lcd.c
----- -----
  930   102 Total

Page ROM  %  RAM   Vol Diff  Functions:
---- --- --- ---   --- ----  ----------
0     20   1    1             @delay_ms1
0      8   1    0   370  1.9  @const621
0     45   3    1   260  1.9  lcd_envia_nibble
0     41   3    3   176  2.7  lcd_envia_byte
0     65   5    2   433  4.3  lcd_ini
 Inline         4   186  5.5  lcd_pos_xy
0     55   4    1   290  4.1  lcd_escreve
0    251  19    4   843  4.4  MAIN
0     10   1    0             @const647
0     88   7    4             @PSTRINGC7_638
0     31   2    2             @ITOF
0    117   9   13             @MULFF
0    204  15   14             @DIVFF
0      9   1    0             @const659
0     89   7    5             @PSTRINGCN7_638
 Inline         5             @FTOSD
0     79   6   13             @DIV3232
0    226  17   13             @PRINTF_L32D_638FPFPF
 Inline         0             @cinit1

Program metrics:
    Functions               7
    Statements              102
    Comments                184
    Volume (V)              3840
    Difficulty (D)          23.4
    Effort to implement (E) 89973
    Time to implement (T)   1 hours, 23 minutes
    Est Delivered Bugs (B)  1
    Cyclomatic Complexity   8
    Maintainability (MI)    144

 Segment     Used  Free
-----------  ----  ----
00000-00003     4  0  
00004-007FF  1338  706  
00800-00FFF     0  2048  
01000-017FF     0  2048  
01800-01FFF     0  2048  



