
ROM used:   234/8192 (3%)
            234/8192 (3%) including unused fragments

            0.3 Average locations per line
            9.8 Average locations per statement

RAM used:   20/368 (5%) at main() level
            22/368 (6%) worst case

Stack used: 2 worst case (1 in main + 1 for interrupts)
Stack size: 8

Lines Stmts  %   Files
----- ----- ---  -----
  135    24 100  motorPasso.c
  671     0   0  ..\..\..\..\..\..\Program Files (x86)\PICC\Devices\16F877A.h
----- -----
  806    24 Total

Page ROM  %  RAM   Vol Diff  Functions:
---- --- --- ---   --- ----  ----------
0     22   9    1             @delay_ms1
0     47  20    0    57  2.3  EXT_isr
 Inline         2   297  2.8  @MUL88
0    118  50    1   579  5.8  MAIN
 Inline         0             @cinit1

Program metrics:
    Functions               3
    Statements              24
    Comments                207
    Volume (V)              1162
    Difficulty (D)          10.9
    Effort to implement (E) 12660
    Time to implement (T)   12 minutes
    Est Delivered Bugs (B)  0
    Cyclomatic Complexity   2
    Maintainability (MI)    121

 Segment     Used  Free
-----------  ----  ----
00000-00003     4  0  
00004-0002E    43  0  
0002F-007FF   187  1814  
00800-00FFF     0  2048  
01000-017FF     0  2048  
01800-01FFF     0  2048  



