
ROM used:   258/8192 (3%)
            258/8192 (3%) including unused fragments

            0.3 Average locations per line
            8.3 Average locations per statement

RAM used:   12/368 (3%) at main() level
            13/368 (4%) worst case

Stack used: 1 worst case (1 in main + 0 for interrupts)
Stack size: 8

Lines Stmts  %   Files
----- ----- ---  -----
  152    31 100  pwmFade.c
  671     0   0  ..\..\..\..\..\..\Program Files (x86)\PICC\Devices\16F877A.h
----- -----
  823    31 Total

Page ROM  %  RAM   Vol Diff  Functions:
---- --- --- ---   --- ----  ----------
0     15   6    1             @delay_us1
0    239  93    6  1096  6.4  main
 Inline         0             @cinit1

Program metrics:
    Functions               1
    Statements              31
    Comments                230
    Volume (V)              1101
    Difficulty (D)          6.3
    Effort to implement (E) 6893
    Time to implement (T)   6 minutes
    Est Delivered Bugs (B)  0
    Cyclomatic Complexity   4
    Maintainability (MI)    28

 Segment     Used  Free
-----------  ----  ----
00000-00003     4  0  
00004-007FF   254  1790  
00800-00FFF     0  2048  
01000-017FF     0  2048  
01800-01FFF     0  2048  



