
ROM used:   215/8192 (3%)
            215/8192 (3%) including unused fragments

            0.3 Average locations per line
            11.9 Average locations per statement

RAM used:   10/368 (3%) at main() level
            18/368 (5%) worst case

Stack used: 1 worst case (1 in main + 0 for interrupts)
Stack size: 8

Lines Stmts  %   Files
----- ----- ---  -----
  120    18 100  pwmFade.c
  671     0   0  ..\..\..\..\..\..\Program Files (x86)\PICC\Devices\16F877A.h
----- -----
  791    18 Total

Page ROM  %  RAM   Vol Diff  Functions:
---- --- --- ---   --- ----  ----------
0     15   7    1             @delay_us1
0    159  74    1   518  5.9  main
0     37  17    5             @DIV1616
 Inline         0             @cinit1

Program metrics:
    Functions               1
    Statements              18
    Comments                212
    Volume (V)              525
    Difficulty (D)          5.5
    Effort to implement (E) 2870
    Time to implement (T)   3 minutes
    Est Delivered Bugs (B)  0
    Cyclomatic Complexity   2
    Maintainability (MI)    64

 Segment     Used  Free
-----------  ----  ----
00000-00003     4  0  
00004-007FF   211  1833  
00800-00FFF     0  2048  
01000-017FF     0  2048  
01800-01FFF     0  2048  



