
ROM used:   133/8192 (2%)
            133/8192 (2%) including unused fragments

            0.2 Average locations per line
            4.4 Average locations per statement

RAM used:   6/368 (2%) at main() level
            7/368 (2%) worst case

Stack used: 2 worst case (2 in main + 0 for interrupts)
Stack size: 8

Lines Stmts  %   Files
----- ----- ---  -----
   44    30 100  botaoLed.c
   10     0   0  botaoLed.h
  671     0   0  ..\..\..\..\..\..\Program Files (x86)\PICC\Devices\16F877A.h
----- -----
  725    30 Total

Page ROM  %  RAM   Vol Diff  Functions:
---- --- --- ---   --- ----  ----------
0     20  15    1             @delay_ms1
0     30  23    0   163  3.0  botao_pressionado
0     79  59    1   402  2.4  MAIN
 Inline         0  1813  8.9  @cinit1

Program metrics:
    Functions               3
    Statements              30
    Comments                119
    Volume (V)              2810
    Difficulty (D)          14.6
    Effort to implement (E) 40986
    Time to implement (T)   38 minutes
    Est Delivered Bugs (B)  0
    Cyclomatic Complexity   7
    Maintainability (MI)    81

 Segment     Used  Free
-----------  ----  ----
00000-00003     4  0  
00004-007FF   129  1915  
00800-00FFF     0  2048  
01000-017FF     0  2048  
01800-01FFF     0  2048  



